<?xml version="1.0" encoding="utf-8" standalone="yes"?>
<Gesture Name = "Test">
	<Stroke>
		<Point X = "149" Y = "207" T = "0" Pressure = "0" />
		<Point X = "152" Y = "215" T = "0" Pressure = "0" />
		<Point X = "152" Y = "217" T = "0" Pressure = "0" />
		<Point X = "151" Y = "219" T = "0" Pressure = "0" />
		<Point X = "149" Y = "219" T = "0" Pressure = "0" />
		<Point X = "151" Y = "217" T = "0" Pressure = "0" />
		<Point X = "151" Y = "216" T = "0" Pressure = "0" />
		<Point X = "151" Y = "217" T = "0" Pressure = "0" />
		<Point X = "153" Y = "220" T = "0" Pressure = "0" />
		<Point X = "153" Y = "220" T = "0" Pressure = "0" />
		<Point X = "152" Y = "219" T = "0" Pressure = "0" />
		<Point X = "154" Y = "219" T = "0" Pressure = "0" />
		<Point X = "154" Y = "220" T = "0" Pressure = "0" />
		<Point X = "154" Y = "220" T = "0" Pressure = "0" />
		<Point X = "167" Y = "229" T = "0" Pressure = "0" />
		<Point X = "172" Y = "234" T = "0" Pressure = "0" />
		<Point X = "173" Y = "237" T = "0" Pressure = "0" />
		<Point X = "176" Y = "242" T = "0" Pressure = "0" />
		<Point X = "188" Y = "250" T = "0" Pressure = "0" />
		<Point X = "195" Y = "253" T = "0" Pressure = "0" />
		<Point X = "206" Y = "260" T = "0" Pressure = "0" />
		<Point X = "218" Y = "269" T = "0" Pressure = "0" />
		<Point X = "227" Y = "276" T = "0" Pressure = "0" />
		<Point X = "243" Y = "288" T = "0" Pressure = "0" />
		<Point X = "261" Y = "300" T = "0" Pressure = "0" />
		<Point X = "268" Y = "304" T = "0" Pressure = "0" />
		<Point X = "275" Y = "307" T = "0" Pressure = "0" />
		<Point X = "286" Y = "308" T = "0" Pressure = "0" />
		<Point X = "298" Y = "313" T = "0" Pressure = "0" />
		<Point X = "312" Y = "323" T = "0" Pressure = "0" />
		<Point X = "312" Y = "330" T = "0" Pressure = "0" />
		<Point X = "315" Y = "337" T = "0" Pressure = "0" />
		<Point X = "320" Y = "343" T = "0" Pressure = "0" />
		<Point X = "324" Y = "347" T = "0" Pressure = "0" />
		<Point X = "328" Y = "348" T = "0" Pressure = "0" />
		<Point X = "332" Y = "350" T = "0" Pressure = "0" />
		<Point X = "334" Y = "351" T = "0" Pressure = "0" />
		<Point X = "327" Y = "346" T = "0" Pressure = "0" />
		<Point X = "327" Y = "346" T = "0" Pressure = "0" />
		<Point X = "329" Y = "347" T = "0" Pressure = "0" />
		<Point X = "327" Y = "344" T = "0" Pressure = "0" />
		<Point X = "326" Y = "342" T = "0" Pressure = "0" />
		<Point X = "326" Y = "341" T = "0" Pressure = "0" />
		<Point X = "325" Y = "340" T = "0" Pressure = "0" />
		<Point X = "325" Y = "340" T = "0" Pressure = "0" />
		<Point X = "325" Y = "340" T = "0" Pressure = "0" />
		<Point X = "325" Y = "340" T = "0" Pressure = "0" />
		<Point X = "324" Y = "340" T = "0" Pressure = "0" />
		<Point X = "323" Y = "339" T = "0" Pressure = "0" />
		<Point X = "322" Y = "339" T = "0" Pressure = "0" />
		<Point X = "321" Y = "338" T = "0" Pressure = "0" />
		<Point X = "321" Y = "338" T = "0" Pressure = "0" />
		<Point X = "320" Y = "338" T = "0" Pressure = "0" />
		<Point X = "320" Y = "337" T = "0" Pressure = "0" />
		<Point X = "320" Y = "337" T = "0" Pressure = "0" />
		<Point X = "318" Y = "335" T = "0" Pressure = "0" />
		<Point X = "317" Y = "333" T = "0" Pressure = "0" />
		<Point X = "320" Y = "331" T = "0" Pressure = "0" />
		<Point X = "319" Y = "326" T = "0" Pressure = "0" />
		<Point X = "318" Y = "318" T = "0" Pressure = "0" />
		<Point X = "315" Y = "314" T = "0" Pressure = "0" />
		<Point X = "314" Y = "313" T = "0" Pressure = "0" />
		<Point X = "314" Y = "313" T = "0" Pressure = "0" />
		<Point X = "314" Y = "313" T = "0" Pressure = "0" />
		<Point X = "321" Y = "304" T = "0" Pressure = "0" />
		<Point X = "320" Y = "289" T = "0" Pressure = "0" />
		<Point X = "317" Y = "282" T = "0" Pressure = "0" />
		<Point X = "318" Y = "276" T = "0" Pressure = "0" />
		<Point X = "322" Y = "268" T = "0" Pressure = "0" />
		<Point X = "324" Y = "251" T = "0" Pressure = "0" />
		<Point X = "325" Y = "246" T = "0" Pressure = "0" />
		<Point X = "319" Y = "238" T = "0" Pressure = "0" />
		<Point X = "319" Y = "230" T = "0" Pressure = "0" />
		<Point X = "320" Y = "221" T = "0" Pressure = "0" />
		<Point X = "319" Y = "214" T = "0" Pressure = "0" />
		<Point X = "321" Y = "206" T = "0" Pressure = "0" />
		<Point X = "322" Y = "200" T = "0" Pressure = "0" />
		<Point X = "323" Y = "189" T = "0" Pressure = "0" />
		<Point X = "325" Y = "175" T = "0" Pressure = "0" />
		<Point X = "324" Y = "168" T = "0" Pressure = "0" />
		<Point X = "324" Y = "159" T = "0" Pressure = "0" />
		<Point X = "323" Y = "145" T = "0" Pressure = "0" />
		<Point X = "323" Y = "135" T = "0" Pressure = "0" />
		<Point X = "326" Y = "127" T = "0" Pressure = "0" />
		<Point X = "330" Y = "120" T = "0" Pressure = "0" />
		<Point X = "333" Y = "116" T = "0" Pressure = "0" />
		<Point X = "335" Y = "108" T = "0" Pressure = "0" />
		<Point X = "331" Y = "106" T = "0" Pressure = "0" />
		<Point X = "330" Y = "89" T = "0" Pressure = "0" />
		<Point X = "331" Y = "84" T = "0" Pressure = "0" />
		<Point X = "333" Y = "75" T = "0" Pressure = "0" />
		<Point X = "333" Y = "78" T = "0" Pressure = "0" />
		<Point X = "332" Y = "79" T = "0" Pressure = "0" />
		<Point X = "332" Y = "78" T = "0" Pressure = "0" />
		<Point X = "330" Y = "76" T = "0" Pressure = "0" />
		<Point X = "328" Y = "71" T = "0" Pressure = "0" />
		<Point X = "328" Y = "69" T = "0" Pressure = "0" />
		<Point X = "327" Y = "69" T = "0" Pressure = "0" />
		<Point X = "326" Y = "70" T = "0" Pressure = "0" />
		<Point X = "325" Y = "76" T = "0" Pressure = "0" />
		<Point X = "325" Y = "78" T = "0" Pressure = "0" />
		<Point X = "326" Y = "78" T = "0" Pressure = "0" />
		<Point X = "328" Y = "79" T = "0" Pressure = "0" />
		<Point X = "328" Y = "81" T = "0" Pressure = "0" />
		<Point X = "329" Y = "80" T = "0" Pressure = "0" />
		<Point X = "321" Y = "72" T = "0" Pressure = "0" />
		<Point X = "319" Y = "71" T = "0" Pressure = "0" />
		<Point X = "318" Y = "72" T = "0" Pressure = "0" />
		<Point X = "317" Y = "73" T = "0" Pressure = "0" />
		<Point X = "317" Y = "73" T = "0" Pressure = "0" />
		<Point X = "316" Y = "73" T = "0" Pressure = "0" />
		<Point X = "315" Y = "73" T = "0" Pressure = "0" />
		<Point X = "315" Y = "73" T = "0" Pressure = "0" />
		<Point X = "313" Y = "73" T = "0" Pressure = "0" />
		<Point X = "312" Y = "73" T = "0" Pressure = "0" />
		<Point X = "309" Y = "74" T = "0" Pressure = "0" />
		<Point X = "309" Y = "75" T = "0" Pressure = "0" />
		<Point X = "305" Y = "76" T = "0" Pressure = "0" />
		<Point X = "305" Y = "76" T = "0" Pressure = "0" />
		<Point X = "307" Y = "78" T = "0" Pressure = "0" />
		<Point X = "301" Y = "88" T = "0" Pressure = "0" />
		<Point X = "298" Y = "91" T = "0" Pressure = "0" />
		<Point X = "296" Y = "93" T = "0" Pressure = "0" />
		<Point X = "296" Y = "92" T = "0" Pressure = "0" />
		<Point X = "294" Y = "93" T = "0" Pressure = "0" />
		<Point X = "293" Y = "99" T = "0" Pressure = "0" />
		<Point X = "290" Y = "100" T = "0" Pressure = "0" />
		<Point X = "285" Y = "101" T = "0" Pressure = "0" />
		<Point X = "279" Y = "102" T = "0" Pressure = "0" />
		<Point X = "273" Y = "106" T = "0" Pressure = "0" />
		<Point X = "271" Y = "112" T = "0" Pressure = "0" />
		<Point X = "272" Y = "115" T = "0" Pressure = "0" />
		<Point X = "269" Y = "118" T = "0" Pressure = "0" />
		<Point X = "264" Y = "119" T = "0" Pressure = "0" />
		<Point X = "259" Y = "121" T = "0" Pressure = "0" />
		<Point X = "252" Y = "127" T = "0" Pressure = "0" />
		<Point X = "250" Y = "131" T = "0" Pressure = "0" />
		<Point X = "247" Y = "143" T = "0" Pressure = "0" />
		<Point X = "246" Y = "151" T = "0" Pressure = "0" />
		<Point X = "243" Y = "160" T = "0" Pressure = "0" />
		<Point X = "240" Y = "166" T = "0" Pressure = "0" />
		<Point X = "239" Y = "166" T = "0" Pressure = "0" />
		<Point X = "238" Y = "161" T = "0" Pressure = "0" />
		<Point X = "234" Y = "162" T = "0" Pressure = "0" />
		<Point X = "222" Y = "164" T = "0" Pressure = "0" />
		<Point X = "217" Y = "173" T = "0" Pressure = "0" />
		<Point X = "215" Y = "176" T = "0" Pressure = "0" />
		<Point X = "213" Y = "181" T = "0" Pressure = "0" />
		<Point X = "211" Y = "181" T = "0" Pressure = "0" />
		<Point X = "206" Y = "183" T = "0" Pressure = "0" />
		<Point X = "194" Y = "181" T = "0" Pressure = "0" />
		<Point X = "188" Y = "183" T = "0" Pressure = "0" />
		<Point X = "182" Y = "183" T = "0" Pressure = "0" />
		<Point X = "178" Y = "186" T = "0" Pressure = "0" />
		<Point X = "175" Y = "187" T = "0" Pressure = "0" />
		<Point X = "173" Y = "188" T = "0" Pressure = "0" />
		<Point X = "171" Y = "190" T = "0" Pressure = "0" />
		<Point X = "161" Y = "196" T = "0" Pressure = "0" />
		<Point X = "158" Y = "199" T = "0" Pressure = "0" />
		<Point X = "154" Y = "202" T = "0" Pressure = "0" />
		<Point X = "154" Y = "202" T = "0" Pressure = "0" />
		<Point X = "151" Y = "203" T = "0" Pressure = "0" />
		<Point X = "151" Y = "205" T = "0" Pressure = "0" />
		<Point X = "151" Y = "205" T = "0" Pressure = "0" />
		<Point X = "155" Y = "205" T = "0" Pressure = "0" />
		<Point X = "155" Y = "205" T = "0" Pressure = "0" />
		<Point X = "155" Y = "205" T = "0" Pressure = "0" />
		<Point X = "155" Y = "205" T = "0" Pressure = "0" />
		<Point X = "154" Y = "205" T = "0" Pressure = "0" />
		<Point X = "154" Y = "205" T = "0" Pressure = "0" />
		<Point X = "154" Y = "206" T = "0" Pressure = "0" />
		<Point X = "153" Y = "210" T = "0" Pressure = "0" />
		<Point X = "153" Y = "210" T = "0" Pressure = "0" />
		<Point X = "154" Y = "210" T = "0" Pressure = "0" />
		<Point X = "156" Y = "208" T = "0" Pressure = "0" />
		<Point X = "158" Y = "207" T = "0" Pressure = "0" />
		<Point X = "159" Y = "206" T = "0" Pressure = "0" />
		<Point X = "160" Y = "204" T = "0" Pressure = "0" />
		<Point X = "160" Y = "203" T = "0" Pressure = "0" />
		<Point X = "162" Y = "195" T = "0" Pressure = "0" />
		<Point X = "119" Y = "210" T = "0" Pressure = "0" />
		<Point X = "119" Y = "211" T = "0" Pressure = "0" />
		<Point X = "119" Y = "211" T = "0" Pressure = "0" />
		<Point X = "120" Y = "212" T = "0" Pressure = "0" />
		<Point X = "123" Y = "213" T = "0" Pressure = "0" />
		<Point X = "127" Y = "214" T = "0" Pressure = "0" />
		<Point X = "134" Y = "215" T = "0" Pressure = "0" />
		<Point X = "152" Y = "229" T = "0" Pressure = "0" />
		<Point X = "160" Y = "234" T = "0" Pressure = "0" />
		<Point X = "164" Y = "237" T = "0" Pressure = "0" />
		<Point X = "170" Y = "242" T = "0" Pressure = "0" />
		<Point X = "174" Y = "246" T = "0" Pressure = "0" />
		<Point X = "181" Y = "254" T = "0" Pressure = "0" />
		<Point X = "188" Y = "261" T = "0" Pressure = "0" />
		<Point X = "196" Y = "264" T = "0" Pressure = "0" />
		<Point X = "202" Y = "269" T = "0" Pressure = "0" />
		<Point X = "209" Y = "277" T = "0" Pressure = "0" />
		<Point X = "217" Y = "284" T = "0" Pressure = "0" />
		<Point X = "236" Y = "300" T = "0" Pressure = "0" />
		<Point X = "249" Y = "313" T = "0" Pressure = "0" />
		<Point X = "259" Y = "324" T = "0" Pressure = "0" />
		<Point X = "272" Y = "337" T = "0" Pressure = "0" />
		<Point X = "280" Y = "343" T = "0" Pressure = "0" />
		<Point X = "285" Y = "347" T = "0" Pressure = "0" />
		<Point X = "291" Y = "347" T = "0" Pressure = "0" />
		<Point X = "290" Y = "341" T = "0" Pressure = "0" />
		<Point X = "290" Y = "338" T = "0" Pressure = "0" />
		<Point X = "299" Y = "343" T = "0" Pressure = "0" />
		<Point X = "300" Y = "340" T = "0" Pressure = "0" />
		<Point X = "300" Y = "340" T = "0" Pressure = "0" />
		<Point X = "299" Y = "341" T = "0" Pressure = "0" />
		<Point X = "298" Y = "340" T = "0" Pressure = "0" />
		<Point X = "297" Y = "339" T = "0" Pressure = "0" />
		<Point X = "298" Y = "339" T = "0" Pressure = "0" />
		<Point X = "298" Y = "339" T = "0" Pressure = "0" />
		<Point X = "301" Y = "343" T = "0" Pressure = "0" />
		<Point X = "303" Y = "337" T = "0" Pressure = "0" />
		<Point X = "304" Y = "331" T = "0" Pressure = "0" />
	</Stroke>
	<Stroke>
		<Point X = "304" Y = "333" T = "0" Pressure = "0" />
		<Point X = "304" Y = "332" T = "0" Pressure = "0" />
		<Point X = "304" Y = "331" T = "0" Pressure = "0" />
		<Point X = "304" Y = "330" T = "0" Pressure = "0" />
		<Point X = "303" Y = "331" T = "0" Pressure = "0" />
		<Point X = "303" Y = "329" T = "0" Pressure = "0" />
		<Point X = "303" Y = "329" T = "0" Pressure = "0" />
		<Point X = "301" Y = "326" T = "0" Pressure = "0" />
		<Point X = "300" Y = "321" T = "0" Pressure = "0" />
		<Point X = "298" Y = "311" T = "0" Pressure = "0" />
		<Point X = "297" Y = "310" T = "0" Pressure = "0" />
		<Point X = "295" Y = "308" T = "0" Pressure = "0" />
		<Point X = "291" Y = "302" T = "0" Pressure = "0" />
		<Point X = "289" Y = "291" T = "0" Pressure = "0" />
		<Point X = "287" Y = "286" T = "0" Pressure = "0" />
		<Point X = "285" Y = "277" T = "0" Pressure = "0" />
		<Point X = "285" Y = "272" T = "0" Pressure = "0" />
		<Point X = "285" Y = "268" T = "0" Pressure = "0" />
		<Point X = "285" Y = "256" T = "0" Pressure = "0" />
		<Point X = "286" Y = "249" T = "0" Pressure = "0" />
		<Point X = "287" Y = "237" T = "0" Pressure = "0" />
		<Point X = "290" Y = "232" T = "0" Pressure = "0" />
		<Point X = "294" Y = "223" T = "0" Pressure = "0" />
		<Point X = "294" Y = "214" T = "0" Pressure = "0" />
		<Point X = "295" Y = "207" T = "0" Pressure = "0" />
		<Point X = "291" Y = "197" T = "0" Pressure = "0" />
		<Point X = "291" Y = "187" T = "0" Pressure = "0" />
		<Point X = "290" Y = "177" T = "0" Pressure = "0" />
		<Point X = "288" Y = "166" T = "0" Pressure = "0" />
		<Point X = "288" Y = "159" T = "0" Pressure = "0" />
		<Point X = "288" Y = "145" T = "0" Pressure = "0" />
		<Point X = "287" Y = "138" T = "0" Pressure = "0" />
		<Point X = "283" Y = "131" T = "0" Pressure = "0" />
		<Point X = "281" Y = "127" T = "0" Pressure = "0" />
		<Point X = "281" Y = "122" T = "0" Pressure = "0" />
		<Point X = "283" Y = "117" T = "0" Pressure = "0" />
		<Point X = "285" Y = "113" T = "0" Pressure = "0" />
		<Point X = "286" Y = "107" T = "0" Pressure = "0" />
		<Point X = "288" Y = "104" T = "0" Pressure = "0" />
		<Point X = "289" Y = "99" T = "0" Pressure = "0" />
		<Point X = "290" Y = "96" T = "0" Pressure = "0" />
	</Stroke>
	<Stroke>
		<Point X = "118" Y = "197" T = "0" Pressure = "0" />
		<Point X = "120" Y = "197" T = "0" Pressure = "0" />
		<Point X = "121" Y = "197" T = "0" Pressure = "0" />
		<Point X = "123" Y = "199" T = "0" Pressure = "0" />
		<Point X = "125" Y = "198" T = "0" Pressure = "0" />
		<Point X = "129" Y = "198" T = "0" Pressure = "0" />
		<Point X = "132" Y = "197" T = "0" Pressure = "0" />
		<Point X = "132" Y = "196" T = "0" Pressure = "0" />
		<Point X = "132" Y = "196" T = "0" Pressure = "0" />
		<Point X = "135" Y = "195" T = "0" Pressure = "0" />
		<Point X = "144" Y = "188" T = "0" Pressure = "0" />
		<Point X = "146" Y = "185" T = "0" Pressure = "0" />
		<Point X = "148" Y = "184" T = "0" Pressure = "0" />
		<Point X = "152" Y = "184" T = "0" Pressure = "0" />
		<Point X = "154" Y = "183" T = "0" Pressure = "0" />
		<Point X = "159" Y = "181" T = "0" Pressure = "0" />
		<Point X = "162" Y = "178" T = "0" Pressure = "0" />
		<Point X = "169" Y = "174" T = "0" Pressure = "0" />
		<Point X = "173" Y = "172" T = "0" Pressure = "0" />
		<Point X = "177" Y = "169" T = "0" Pressure = "0" />
		<Point X = "179" Y = "166" T = "0" Pressure = "0" />
		<Point X = "183" Y = "161" T = "0" Pressure = "0" />
		<Point X = "188" Y = "158" T = "0" Pressure = "0" />
		<Point X = "192" Y = "153" T = "0" Pressure = "0" />
		<Point X = "195" Y = "149" T = "0" Pressure = "0" />
		<Point X = "204" Y = "141" T = "0" Pressure = "0" />
		<Point X = "207" Y = "139" T = "0" Pressure = "0" />
		<Point X = "211" Y = "139" T = "0" Pressure = "0" />
		<Point X = "214" Y = "135" T = "0" Pressure = "0" />
		<Point X = "217" Y = "133" T = "0" Pressure = "0" />
		<Point X = "220" Y = "131" T = "0" Pressure = "0" />
		<Point X = "223" Y = "128" T = "0" Pressure = "0" />
		<Point X = "226" Y = "124" T = "0" Pressure = "0" />
		<Point X = "232" Y = "121" T = "0" Pressure = "0" />
		<Point X = "241" Y = "116" T = "0" Pressure = "0" />
		<Point X = "245" Y = "113" T = "0" Pressure = "0" />
		<Point X = "247" Y = "111" T = "0" Pressure = "0" />
		<Point X = "251" Y = "108" T = "0" Pressure = "0" />
		<Point X = "254" Y = "106" T = "0" Pressure = "0" />
		<Point X = "255" Y = "105" T = "0" Pressure = "0" />
		<Point X = "258" Y = "105" T = "0" Pressure = "0" />
		<Point X = "269" Y = "103" T = "0" Pressure = "0" />
		<Point X = "282" Y = "98" T = "0" Pressure = "0" />
		<Point X = "287" Y = "95" T = "0" Pressure = "0" />
		<Point X = "291" Y = "94" T = "0" Pressure = "0" />
		<Point X = "299" Y = "91" T = "0" Pressure = "0" />
		<Point X = "299" Y = "92" T = "0" Pressure = "0" />
		<Point X = "300" Y = "92" T = "0" Pressure = "0" />
		<Point X = "301" Y = "92" T = "0" Pressure = "0" />
		<Point X = "306" Y = "94" T = "0" Pressure = "0" />
		<Point X = "307" Y = "95" T = "0" Pressure = "0" />
		<Point X = "308" Y = "95" T = "0" Pressure = "0" />
		<Point X = "306" Y = "83" T = "0" Pressure = "0" />
		<Point X = "307" Y = "87" T = "0" Pressure = "0" />
		<Point X = "324" Y = "87" T = "0" Pressure = "0" />
		<Point X = "324" Y = "87" T = "0" Pressure = "0" />
		<Point X = "325" Y = "86" T = "0" Pressure = "0" />
		<Point X = "321" Y = "86" T = "0" Pressure = "0" />
	</Stroke>
</Gesture>
